2021-04-08T21:51:23.8921389-06:00;VSTestExecutionThread;Info;SpecFlow+Runner execution started
2021-04-08T21:51:23.8921389-06:00;VSTestExecutionThread;Info;SpecFlow+Runner 3.4.19 in Framework clr40 in x86 mode execution started
2021-04-08T21:51:23.8921389-06:00;VSTestExecutionThread;Info;TestAdapter Location: C:\Users\user\source\repos\PracticingSix\packages\SpecRun.Runner.3.4.19\tools\net461\TechTalk.SpecRun.VisualStudio.TestAdapter.dll
2021-04-08T21:51:23.8921389-06:00;VSTestExecutionThread;Info;Current UserName: 'user', MachineName: 'DESKTOP-5BKHEHG'
2021-04-08T21:51:24.0922049-06:00;VSTestExecutionThread;Info;SpecRun: running tests in C:\Users\user\source\repos\PracticingSix\bin\Debug\PracticingSix.dll
2021-04-08T21:51:24.0932049-06:00;VSTestExecutionThread;Info;Output folder configured to "C:\Users\user\source\repos\PracticingSix\TestResults" (default)
2021-04-08T21:51:24.0932049-06:00;VSTestExecutionThread;Info;Profile: PracticingSix
2021-04-08T21:51:24.1527274-06:00;VSTestExecutionThread;Info;Log file path: C:\Users\user\source\repos\PracticingSix\TestResults\PracticingSix_PracticingSix_2021-04-08T215124.log
2021-04-08T21:51:24.1617311-06:00;Thread#13;Info;Checking activation
2021-04-08T21:51:24.2687531-06:00;Thread#13;Info;Activated.
2021-04-08T21:51:24.2687531-06:00;Thread#13;Info;Activation check completed
2021-04-08T21:51:24.2697533-06:00;Thread#13;Info;Starting test run
2021-04-08T21:51:24.3267671-06:00;Thread#13;Info;Discovering target: Default
2021-04-08T21:51:24.3307676-06:00;Thread#13;Info;Discovering tests from assembly: C:\Users\user\source\repos\PracticingSix\bin\Debug\PracticingSix.dll
2021-04-08T21:51:24.7908707-06:00;Thread#13;Info;Discovered tests from assembly: C:\Users\user\source\repos\PracticingSix\bin\Debug\PracticingSix.dll
2021-04-08T21:51:24.7918704-06:00:Test Suite Dump
2021-04-08T21:51:24.7958724-06:00:#0: PracticingSix/PracticingSix - 
2021-04-08T21:51:24.7958724-06:00:#1: Default - 
2021-04-08T21:51:24.7958724-06:00:#2: PracticingSix - 
2021-04-08T21:51:24.7958724-06:00:#3: EyeOfTheTiger - 
2021-04-08T21:51:24.8408816-06:00:#4: Hit Me and Don't Stop - TestAssembly:PracticingSix/Feature:EyeOfTheTiger/Scenario:Hit+Me+and+Don%27t+Stop
2021-04-08T21:51:24.8408816-06:00:End: Test Suite Dump
2021-04-08T21:51:24.8698882-06:00:Thread#0:Scheduler: get next test for thread 0
2021-04-08T21:51:24.8738894-06:00:Thread#:Scheduler: testitem #4 from normal test queue 
2021-04-08T21:51:24.8738894-06:00:Thread#0:Scheduler: considering testitem #4 for thread 0
2021-04-08T21:51:24.8808907-06:00:Thread#0:TestItem#4:testItemMatchesCurrentTestThread:UnSpecific
2021-04-08T21:51:24.8808907-06:00:Thread#0:TestItem#4:runsOnOneOtherThreadSpecific:False
2021-04-08T21:51:24.8808907-06:00:Thread#0:TestItem#4:runsOnOneOtherThreadUnspecific:False
2021-04-08T21:51:24.8808907-06:00:Thread#0:Scheduler: using testitem #4 for thread 0
2021-04-08T21:51:24.8828907-06:00:Thread#0:Scheduler: Test #4 is scheduled for thread
2021-04-08T21:51:24.8828907-06:00:Thread#0:Scheduler: with testItemExecutionIndex 0
2021-04-08T21:51:24.8858920-06:00:Thread #0: creating new test thread executor for PracticingSix, Version=1.0.0.0, Culture=neutral, PublicKeyToken=null (target: Default)
2021-04-08T21:51:24.8878949-06:00:Thread #0: Creating test assembly executor for execution model OutProc
2021-04-08T21:51:24.8908943-06:00:Thread #0: Creating test assembly executor for execution model OutProc
2021-04-08T21:51:24.8938935-06:00:Thread #0: using TechTalk.SpecRun.Framework.Execution.OutOfProc.StreamJsonRPC.OutOfProcessTestAssemblyExecutorHost to execute tests
2021-04-08T21:51:24.8978946-06:00:starting Out Of Process Executor
2021-04-08T21:51:24.9058971-06:00:Starting callback TCP Rpc server
2021-04-08T21:51:24.9218998-06:00:Asynchronously starting background TCP Rpc Server on port 32770
2021-04-08T21:51:24.9218998-06:00:Started callback TCP Rpc server on port 32770
2021-04-08T21:51:24.9218998-06:00:Starting logger TCP Rpc server
2021-04-08T21:51:24.9269012-06:00:Asynchronously starting background TCP Rpc Server on port 32771
2021-04-08T21:51:24.9269012-06:00:Started logger TCP Rpc server on port 32771
2021-04-08T21:51:24.9349036-06:00:Executing test executor at 'C:\Users\user\source\repos\PracticingSix\packages\SpecRun.Runner.3.4.19\tools\net461\TechTalk.SpecRun.Framework.Executor.x86.clr40.exe' '--remoteRunnerPid 5212 --uniqueId "2021-04-08T215124" --outputFolder "C:\Users\user\source\repos\PracticingSix\TestResults" --callbackPort 32770 --loggerPort 32771' in 'C:\Users\user\source\repos\PracticingSix\packages\SpecRun.Runner.3.4.19\tools\net461'
2021-04-08T21:51:24.9399044-06:00:Executor with PID 18452 has been started successfully.
2021-04-08T21:51:24.9439058-06:00:Out of Process Executor 18452 started
2021-04-08T21:51:24.9439058-06:00:Waiting for endpoint
2021-04-08T21:51:25.5847677-06:00:Remote executor port received: 32772
2021-04-08T21:51:25.5857683-06:00:Creating executor TCP client on port 32772
2021-04-08T21:51:25.5877688-06:00:Created executor TCP client on port 32772
2021-04-08T21:51:25.5877688-06:00:Connecting to remote executor TCP server
2021-04-08T21:51:25.5877688-06:00:Connected remote executor TCP server
2021-04-08T21:51:25.5877688-06:00:trying to connect to Out of Process Executor the 1 attempt
2021-04-08T21:51:25.5877688-06:00:Connection to Out of Process Executor established in the 1 attempt
2021-04-08T21:51:25.7763696-06:00:2021-04-08T21:51:25.7753690-06:00:OutOfProcessTestAssemblyExecutor: initialized for C:\Users\user\source\repos\PracticingSix\bin\Debug\PracticingSix.dll on test thread #0
2021-04-08T21:51:25.7873717-06:00:Endpoint 18452 started
2021-04-08T21:51:25.8123794-06:00:2021-04-08T21:51:25.8123794-06:00:OutOfProcessTestAssemblyExecutor: running tests...
2021-04-08T21:51:26.2505387-06:00:2021-04-08T21:51:26.2495458-06:00:Thread#0:T:-> Loading plugin C:\Users\user\source\repos\PracticingSix\bin\Debug\SpecRun.Runtime.SpecFlowPlugin.dll
2021-04-08T21:51:26.2585404-06:00:2021-04-08T21:51:26.2585404-06:00:Thread#0:T:-> Using default config
2021-04-08T21:51:26.4735884-06:00:2021-04-08T21:51:26.4735884-06:00:Thread#0:T:-> error: The binding methods for before/after feature and before/after test run events must be static! PracticingSix:PracticingSix.Setup.BeforeTestRun()
2021-04-08T21:51:26.5045965-06:00:2021-04-08T21:51:26.5035953-06:00:OutOfProcessTestAssemblyExecutor: RunTest Thread error: System.Runtime.Serialization.SerializationException: Unable to find assembly 'TechTalk.SpecFlow, Version=3.4.0.0, Culture=neutral, PublicKeyToken=0778194805d6db41'.

Server stack trace: 
   at System.Runtime.Serialization.Formatters.Binary.BinaryAssemblyInfo.GetAssembly()
   at System.Runtime.Serialization.Formatters.Binary.ObjectReader.GetType(BinaryAssemblyInfo assemblyInfo, String name)
   at System.Runtime.Serialization.Formatters.Binary.ObjectMap..ctor(String objectName, String[] memberNames, BinaryTypeEnum[] binaryTypeEnumA, Object[] typeInformationA, Int32[] memberAssemIds, ObjectReader objectReader, Int32 objectId, BinaryAssemblyInfo assemblyInfo, SizedArray assemIdToAssemblyTable)
   at System.Runtime.Serialization.Formatters.Binary.__BinaryParser.ReadObjectWithMapTyped(BinaryObjectWithMapTyped record)
   at System.Runtime.Serialization.Formatters.Binary.__BinaryParser.ReadObjectWithMapTyped(BinaryHeaderEnum binaryHeaderEnum)
   at System.Runtime.Serialization.Formatters.Binary.__BinaryParser.Run()
   at System.Runtime.Serialization.Formatters.Binary.ObjectReader.Deserialize(HeaderHandler handler, __BinaryParser serParser, Boolean fCheck, Boolean isCrossAppDomain, IMethodCallMessage methodCallMessage)
   at System.Runtime.Serialization.Formatters.Binary.BinaryFormatter.Deserialize(Stream serializationStream, HeaderHandler handler, Boolean fCheck, Boolean isCrossAppDomain, IMethodCallMessage methodCallMessage)
   at System.Runtime.Remoting.Channels.CrossAppDomainSerializer.DeserializeObject(MemoryStream stm)
   at System.Runtime.Remoting.Messaging.SmuggledMethodReturnMessage.FixupForNewAppDomain()
   at System.Runtime.Remoting.Channels.CrossAppDomainSink.SyncProcessMessage(IMessage reqMsg)

Exception rethrown at [0]: 
   at System.Runtime.Remoting.Proxies.RealProxy.HandleReturnMessage(IMessage reqMsg, IMessage retMsg)
   at System.Runtime.Remoting.Proxies.RealProxy.PrivateInvoke(MessageData& msgData, Int32 type)
   at TechTalk.SpecRun.Framework.ITestAssemblyExecutor.RunTests(TestThreadState testThreadState)
   at TechTalk.SpecRun.Framework.Execution.InProcess.InProcAppDomainTestAssemblyExecutorHost.RunTests(TestThreadState testThreadState)
   at TechTalk.SpecRun.Framework.Execution.OutOfProcess.OutOfProcessTestAssemblyExecutor.<>c__DisplayClass13_0.<RunTests>b__0()
2021-04-08T21:51:26.5135979-06:00:RPC Server disconnected, because 'Disposed'. 
LastMessage: 
Description:Reached end of stream.
Exception:<none>
2021-04-08T21:51:26.5135979-06:00:RPC Server disconnected, because 'Disposed'. 
LastMessage: 
Description:Reached end of stream.
Exception:<none>
2021-04-08T21:51:26.5156007-06:00:RPC Client disconnected, because 'Disposed'. 
LastMessage: 
Description:Reached end of stream.
Exception:<none>
2021-04-08T21:51:26.5226000-06:00:test thread #0 error: System.Threading.Tasks.TaskCanceledException: A task was canceled.
   at System.Runtime.CompilerServices.TaskAwaiter.ThrowForNonSuccess(Task task)
   at System.Runtime.CompilerServices.TaskAwaiter.HandleNonSuccessAndDebuggerNotification(Task task)
   at System.Runtime.CompilerServices.TaskAwaiter.ValidateEnd(Task task)
   at StreamJsonRpc.JsonRpc.<InvokeCoreAsync>d__88`1.MoveNext()
--- End of stack trace from previous location where exception was thrown ---
   at System.Runtime.CompilerServices.TaskAwaiter.ThrowForNonSuccess(Task task)
   at System.Runtime.CompilerServices.TaskAwaiter.HandleNonSuccessAndDebuggerNotification(Task task)
   at TechTalk.SpecFlow.Plus.RPC.TcpRpcClient.<Invoke>d__12`1.MoveNext()
--- End of stack trace from previous location where exception was thrown ---
   at System.Runtime.CompilerServices.TaskAwaiter.ThrowForNonSuccess(Task task)
   at System.Runtime.CompilerServices.TaskAwaiter.HandleNonSuccessAndDebuggerNotification(Task task)
   at TechTalk.SpecFlow.Plus.RPC.AsyncHelper.RunSync[TResult](Func`1 func)
   at TechTalk.SpecRun.Framework.Execution.OutOfProc.StreamJsonRPC.OutOfProcessTestAssemblyExecutorClient.RunTests(TestThreadState testThreadState)
   at TechTalk.SpecRun.Framework.Execution.OutOfProc.StreamJsonRPC.OutOfProcessTestAssemblyExecutorHost.RunTests(TestThreadState testThreadState)
   at TechTalk.SpecRun.Framework.TestThread.RunNonEmptyTestSuite(CancellationToken cancellationToken, TestThreadState testThreadState)
   at TechTalk.SpecRun.Framework.TestThread.Run(ITestExecutionManager executionManagerForRun, CancellationToken cancellationToken)
   at TechTalk.SpecRun.Framework.AsyncTestThreadRunner.RunSync(TestExecutionManager executionManager, CancellationToken cancellationToken)
2021-04-08T21:51:26.5235999-06:00:test thread error: TechTalk.SpecRun.Framework.SpecRunException: At least one test thread aborted. ---> System.Threading.Tasks.TaskCanceledException: A task was canceled.
   at System.Runtime.CompilerServices.TaskAwaiter.ThrowForNonSuccess(Task task)
   at System.Runtime.CompilerServices.TaskAwaiter.HandleNonSuccessAndDebuggerNotification(Task task)
   at System.Runtime.CompilerServices.TaskAwaiter.ValidateEnd(Task task)
   at StreamJsonRpc.JsonRpc.<InvokeCoreAsync>d__88`1.MoveNext()
--- End of stack trace from previous location where exception was thrown ---
   at System.Runtime.CompilerServices.TaskAwaiter.ThrowForNonSuccess(Task task)
   at System.Runtime.CompilerServices.TaskAwaiter.HandleNonSuccessAndDebuggerNotification(Task task)
   at TechTalk.SpecFlow.Plus.RPC.TcpRpcClient.<Invoke>d__12`1.MoveNext()
--- End of stack trace from previous location where exception was thrown ---
   at System.Runtime.CompilerServices.TaskAwaiter.ThrowForNonSuccess(Task task)
   at System.Runtime.CompilerServices.TaskAwaiter.HandleNonSuccessAndDebuggerNotification(Task task)
   at TechTalk.SpecFlow.Plus.RPC.AsyncHelper.RunSync[TResult](Func`1 func)
   at TechTalk.SpecRun.Framework.Execution.OutOfProc.StreamJsonRPC.OutOfProcessTestAssemblyExecutorClient.RunTests(TestThreadState testThreadState)
   at TechTalk.SpecRun.Framework.Execution.OutOfProc.StreamJsonRPC.OutOfProcessTestAssemblyExecutorHost.RunTests(TestThreadState testThreadState)
   at TechTalk.SpecRun.Framework.TestThread.RunNonEmptyTestSuite(CancellationToken cancellationToken, TestThreadState testThreadState)
   at TechTalk.SpecRun.Framework.TestThread.Run(ITestExecutionManager executionManagerForRun, CancellationToken cancellationToken)
   at TechTalk.SpecRun.Framework.AsyncTestThreadRunner.RunSync(TestExecutionManager executionManager, CancellationToken cancellationToken)
   --- End of inner exception stack trace ---
2021-04-08T21:51:26.5235999-06:00:Trying to cancel thread
2021-04-08T21:51:26.5235999-06:00:Thread cancelled
2021-04-08T21:51:26.5356032-06:00:Thread#-1: Test #4/0 is started on thread #-1
2021-04-08T21:51:26.5366024-06:00:Thread#-1: Test #4/0 is finished on thread #-1 as Skipped within 0.0009992 seconds
2021-04-08T21:51:26.5386029-06:00:Thread#-1:Scheduler: get next test for thread -1
2021-04-08T21:51:26.5386029-06:00:Thread#:Scheduler: at the end of normal test queue
2021-04-08T21:51:26.5386029-06:00:Thread#-1:Scheduler: enumerator for thread is at end
2021-04-08T21:51:26.5816132-06:00;Thread#13;Info;test run finished
2021-04-08T21:51:26.5826140-06:00;Thread#13;Info;publishing test results
2021-04-08T21:51:26.5896142-06:00;Thread#13;Info;test results published
2021-04-08T21:51:26.5906149-06:00;Thread#13;Info;generating reports
2021-04-08T21:51:26.7016411-06:00;Thread#13;Info;Starting external report generation process
2021-04-08T21:51:27.7269122-06:00;Thread#13;Error;Could not generate test run result reports. An error occurred in the generator.
2021-04-08T21:51:27.7269122-06:00;Thread#13;Error;External program returned exit code '-2'
2021-04-08T21:51:27.7279121-06:00;Thread#13;Info;Failed generating reports
2021-04-08T21:51:27.7379140-06:00:Total: 1
2021-04-08T21:51:27.7399147-06:00:Succeeded: 0
2021-04-08T21:51:27.7399147-06:00:Ignored: 0
2021-04-08T21:51:27.7409144-06:00:Pending: 0
2021-04-08T21:51:27.7409144-06:00:Skipped: 1
2021-04-08T21:51:27.7419159-06:00:Failed: 0
2021-04-08T21:51:27.7449159-06:00;VSTestExecutionThread;Info;Adding attachments to VSTest
========== End of log file ==========
